<?xml version="1.0" encoding="UTF-8"?>
<!-- Generated by org.testng.reporters.JUnitReportReporter -->
<testsuite hostname="USHYDSUTLA5" name="testCases.AppCenterWeb" tests="1" failures="0" timestamp="1 Jun 2017 07:49:54 GMT" time="230.435" errors="0">
  <testcase name="verify_HomePage_AppImageCarousel" time="230.435" classname="testCases.AppCenterWeb"/>
</testsuite> <!-- testCases.AppCenterWeb -->
