<?xml version="1.0" encoding="UTF-8"?>
<!-- Generated by org.testng.reporters.JUnitReportReporter -->
<testsuite hostname="USHYDSUTLA5" name="testCases.Testclass" tests="1" failures="0" timestamp="1 Jun 2017 06:55:40 GMT" time="3.444" errors="0">
  <testcase name="method2" time="3.444" classname="testCases.Testclass"/>
</testsuite> <!-- testCases.Testclass -->
